<?xml version="1.0" encoding="UTF-8"?>
<!-- Generated by org.testng.reporters.JUnitXMLReporter -->
<testsuite ignored="0" hostname="DESKTOP-2O8140U" failures="0" tests="3" name="Default test" time="93.997" errors="0" timestamp="2024-11-14T23:45:47 IST">
  <testcase classname="tests.LoginTest" name="testLogin" time="3.814"/>
  <testcase classname="tests.EmployeeTest" name="testAddEmployee" time="12.039"/>
  <testcase classname="tests.LogoutTest" name="testLogout" time="10.27"/>
</testsuite> <!-- Default test -->
