<?xml version="1.0" encoding="UTF-8"?>
<!-- Generated by org.testng.reporters.JUnitXMLReporter -->
<testsuite ignored="0" hostname="DESKTOP-2O8140U" failures="0" tests="3" name="Test" time="75.152" errors="0" timestamp="2024-11-14T23:53:21 IST">
  <testcase classname="tests.EmployeeTest" name="testAddEmployee" time="12.827"/>
  <testcase classname="tests.LoginTest" name="testLogin" time="4.023"/>
  <testcase classname="tests.LogoutTest" name="testLogout" time="10.159"/>
</testsuite> <!-- Test -->
