<?xml version="1.0" encoding="UTF-8"?>
<testng-results ignored="0" total="3" passed="3" failed="0" skipped="0">
  <reporter-output>
  </reporter-output>
  <suite started-at="2024-11-14T23:52:05 IST" name="Suite" finished-at="2024-11-14T23:53:21 IST" duration-ms="75152">
    <groups>
    </groups>
    <test started-at="2024-11-14T23:52:05 IST" name="Test" finished-at="2024-11-14T23:53:21 IST" duration-ms="75152">
      <class name="tests.LoginTest">
        <test-method is-config="true" signature="setUp()[pri:0, instance:tests.LoginTest@4a83a74a]" started-at="2024-11-14T23:52:35 IST" name="setUp" finished-at="2024-11-14T23:52:39 IST" duration-ms="4179" status="PASS">
          <reporter-output>
          </reporter-output>
        </test-method> <!-- setUp -->
        <test-method is-config="true" signature="navigateToHomePage()[pri:0, instance:tests.LoginTest@4a83a74a]" started-at="2024-11-14T23:52:39 IST" name="navigateToHomePage" finished-at="2024-11-14T23:52:45 IST" duration-ms="6108" status="PASS">
          <reporter-output>
          </reporter-output>
        </test-method> <!-- navigateToHomePage -->
        <test-method signature="testLogin(java.lang.String,java.lang.String)[pri:0, instance:tests.LoginTest@4a83a74a]" started-at="2024-11-14T23:52:45 IST" name="testLogin" data-provider="loginData" finished-at="2024-11-14T23:52:49 IST" duration-ms="4023" status="PASS">
          <params>
            <param index="0">
              <value>
                <![CDATA[Admin]]>
              </value>
            </param>
            <param index="1">
              <value>
                <![CDATA[admin123]]>
              </value>
            </param>
          </params>
          <reporter-output>
          </reporter-output>
        </test-method> <!-- testLogin -->
        <test-method is-config="true" signature="tearDown()[pri:0, instance:tests.LoginTest@4a83a74a]" started-at="2024-11-14T23:52:49 IST" name="tearDown" finished-at="2024-11-14T23:52:53 IST" duration-ms="3273" status="PASS">
          <reporter-output>
          </reporter-output>
        </test-method> <!-- tearDown -->
      </class> <!-- tests.LoginTest -->
      <class name="tests.EmployeeTest">
        <test-method is-config="true" signature="setUp()[pri:0, instance:tests.EmployeeTest@15043a2f]" started-at="2024-11-14T23:52:06 IST" name="setUp" finished-at="2024-11-14T23:52:12 IST" duration-ms="6325" status="PASS">
          <reporter-output>
          </reporter-output>
        </test-method> <!-- setUp -->
        <test-method is-config="true" signature="navigateToHomePage()[pri:0, instance:tests.EmployeeTest@15043a2f]" started-at="2024-11-14T23:52:12 IST" name="navigateToHomePage" finished-at="2024-11-14T23:52:19 IST" duration-ms="7158" status="PASS">
          <reporter-output>
          </reporter-output>
        </test-method> <!-- navigateToHomePage -->
        <test-method signature="testAddEmployee()[pri:0, instance:tests.EmployeeTest@15043a2f]" started-at="2024-11-14T23:52:19 IST" name="testAddEmployee" finished-at="2024-11-14T23:52:32 IST" duration-ms="12827" status="PASS">
          <reporter-output>
          </reporter-output>
        </test-method> <!-- testAddEmployee -->
        <test-method is-config="true" signature="tearDown()[pri:0, instance:tests.EmployeeTest@15043a2f]" started-at="2024-11-14T23:52:32 IST" name="tearDown" finished-at="2024-11-14T23:52:35 IST" duration-ms="3008" status="PASS">
          <reporter-output>
          </reporter-output>
        </test-method> <!-- tearDown -->
      </class> <!-- tests.EmployeeTest -->
      <class name="tests.LogoutTest">
        <test-method is-config="true" signature="setUp()[pri:0, instance:tests.LogoutTest@1349883]" started-at="2024-11-14T23:52:53 IST" name="setUp" finished-at="2024-11-14T23:52:57 IST" duration-ms="3931" status="PASS">
          <reporter-output>
          </reporter-output>
        </test-method> <!-- setUp -->
        <test-method is-config="true" signature="navigateToHomePage()[pri:0, instance:tests.LogoutTest@1349883]" started-at="2024-11-14T23:52:57 IST" name="navigateToHomePage" finished-at="2024-11-14T23:53:08 IST" duration-ms="11055" status="PASS">
          <reporter-output>
          </reporter-output>
        </test-method> <!-- navigateToHomePage -->
        <test-method signature="testLogout()[pri:0, instance:tests.LogoutTest@1349883]" started-at="2024-11-14T23:53:08 IST" name="testLogout" finished-at="2024-11-14T23:53:18 IST" duration-ms="10159" status="PASS">
          <reporter-output>
          </reporter-output>
        </test-method> <!-- testLogout -->
        <test-method is-config="true" signature="tearDown()[pri:0, instance:tests.LogoutTest@1349883]" started-at="2024-11-14T23:53:18 IST" name="tearDown" finished-at="2024-11-14T23:53:21 IST" duration-ms="2765" status="PASS">
          <reporter-output>
          </reporter-output>
        </test-method> <!-- tearDown -->
      </class> <!-- tests.LogoutTest -->
    </test> <!-- Test -->
  </suite> <!-- Suite -->
</testng-results>
